<?xml version="1.0" encoding="UTF-8"?>
<!-- Generated by org.testng.reporters.JUnitReportReporter -->
<testsuite hostname="LAPTOP-1PQU67CN" failures="0" tests="1" name="testCases.TC_001_AccountRegistrationTest" time="1.307" errors="0" timestamp="2023-02-26T18:26:28 IST" skipped="0">
  <testcase classname="testCases.TC_001_AccountRegistrationTest" name="test_account_Registration" time="1.307"/>
  <system-out/>
</testsuite> <!-- testCases.TC_001_AccountRegistrationTest -->
