<?xml version="1.0" encoding="UTF-8"?>
<!-- Generated by org.testng.reporters.JUnitReportReporter -->
<testsuite hostname="LAPTOP-1PQU67CN" failures="0" tests="1" name="testCases.TC_001_AccountRegistrationTest" time="0.967" errors="0" timestamp="2023-03-17T00:33:14 IST" skipped="0">
  <testcase classname="testCases.TC_001_AccountRegistrationTest" name="test_account_Registration" time="0.967"/>
  <system-out/>
</testsuite> <!-- testCases.TC_001_AccountRegistrationTest -->
